<?xml version="1.0" encoding="UTF-8"?>
<!-- Generated by org.testng.reporters.JUnitReportReporter -->
<testsuite hostname="sonal-X556UQK" failures="0" tests="1" name="TC1_GET_AllUsers_API" time="2.566" errors="0" timestamp="2022-10-11T13:11:23 IST" skipped="0">
  <testcase classname="TC1_GET_AllUsers_API" name="getUserDetails" time="2.566"/>
  <system-out/>
</testsuite> <!-- TC1_GET_AllUsers_API -->
