<?xml version="1.0" encoding="UTF-8"?>
<!-- Generated by org.testng.reporters.JUnitReportReporter -->
<testsuite hostname="sonal-X556UQK" failures="0" tests="1" name="TC2_POST_REQUEST" time="3.536" errors="0" timestamp="2022-10-11T18:15:41 IST" skipped="0">
  <testcase classname="TC2_POST_REQUEST" name="createNewUser" time="3.536"/>
  <system-out/>
</testsuite> <!-- TC2_POST_REQUEST -->
