<?xml version="1.0" encoding="UTF-8"?>
<!-- Generated by org.testng.reporters.JUnitReportReporter -->
<testsuite hostname="sonal-X556UQK" failures="0" tests="1" name="TC1_GET_ReQUEST" time="2.495" errors="0" timestamp="2022-10-11T18:15:04 IST" skipped="0">
  <testcase classname="TC1_GET_ReQUEST" name="getUserDetails" time="2.495"/>
  <system-out/>
</testsuite> <!-- TC1_GET_ReQUEST -->
